<?xml version="1.0" encoding="UTF-8"?>
<testng-results ignored="0" total="1" passed="1" failed="0" skipped="0">
  <reporter-output>
  </reporter-output>
  <suite started-at="2024-11-09T15:36:25 IST" name="Suite" finished-at="2024-11-09T15:36:54 IST" duration-ms="28935">
    <groups>
    </groups>
    <test started-at="2024-11-09T15:36:25 IST" name="Test" finished-at="2024-11-09T15:36:54 IST" duration-ms="28935">
      <class name="smoke_test.Covid_TC">
        <test-method is-config="true" signature="beforeClass(java.lang.String)[pri:0, instance:smoke_test.Covid_TC@7c24b813]" started-at="2024-11-09T15:36:25 IST" name="beforeClass" finished-at="2024-11-09T15:36:28 IST" duration-ms="2124" status="PASS">
          <params>
            <param index="0">
              <value>
                <![CDATA[Chrome]]>
              </value>
            </param>
          </params>
          <reporter-output>
          </reporter-output>
        </test-method> <!-- beforeClass -->
        <test-method is-config="true" signature="beforeMethod()[pri:0, instance:smoke_test.Covid_TC@7c24b813]" started-at="2024-11-09T15:36:28 IST" name="beforeMethod" finished-at="2024-11-09T15:36:28 IST" duration-ms="1" status="PASS">
          <reporter-output>
          </reporter-output>
        </test-method> <!-- beforeMethod -->
        <test-method signature="verify_url()[pri:0, instance:smoke_test.Covid_TC@7c24b813]" started-at="2024-11-09T15:36:28 IST" name="verify_url" finished-at="2024-11-09T15:36:54 IST" duration-ms="26438" status="PASS">
          <reporter-output>
          </reporter-output>
        </test-method> <!-- verify_url -->
        <test-method is-config="true" signature="afterMethod()[pri:0, instance:smoke_test.Covid_TC@7c24b813]" started-at="2024-11-09T15:36:54 IST" name="afterMethod" finished-at="2024-11-09T15:36:54 IST" duration-ms="1" status="PASS">
          <reporter-output>
          </reporter-output>
        </test-method> <!-- afterMethod -->
        <test-method is-config="true" signature="afterClass()[pri:0, instance:smoke_test.Covid_TC@7c24b813]" started-at="2024-11-09T15:36:54 IST" name="afterClass" finished-at="2024-11-09T15:36:54 IST" duration-ms="336" status="PASS">
          <reporter-output>
          </reporter-output>
        </test-method> <!-- afterClass -->
      </class> <!-- smoke_test.Covid_TC -->
    </test> <!-- Test -->
  </suite> <!-- Suite -->
</testng-results>
