<?xml version="1.0" encoding="UTF-8"?>
<!-- Generated by org.testng.reporters.JUnitXMLReporter -->
<testsuite ignored="0" hostname="subair" failures="1" tests="1" name="SmokeTest" time="16.482" errors="0" timestamp="2024-11-09T12:50:39 IST">
  <testcase classname="Smoke_Test.covid_page" name="verify_url" time="14.469">
    <failure type="java.lang.AssertionError" message="&amp;apos;state&amp;apos; heading is NOT found in TestData file">
      <![CDATA[java.lang.AssertionError: 'state' heading is NOT found in TestData file
at Utility.ExceUtiity.readData(ExceUtiity.java:31)
at Smoke_Test.covid_page.verify_url(covid_page.java:19)
at java.base/java.util.ArrayList.forEach(ArrayList.java:1511)
... Removed 28 stack frames]]>
    </failure>
  </testcase> <!-- verify_url -->
</testsuite> <!-- SmokeTest -->
